<?xml version="1.0" encoding="UTF-8" ?>
<testsuite errors="0" failures="0" hostname="S20201025" name="IntRelationArraysTest" skipped="0" tests="15" time="0.079" timestamp="2021-12-06T13:58:08">
  <properties>
[...]
</properties>
  <testcase classname="IntRelationArraysTest" name="testAdd" time="0.001" />
  <testcase classname="IntRelationArraysTest" name="testRemoveExceptionA" time="0.001" />
  <testcase classname="IntRelationArraysTest" name="testRemoveExceptionB" time="0.0" />
  <testcase classname="IntRelationArraysTest" name="testAreRelated" time="0.0" />
  <testcase classname="IntRelationArraysTest" name="testAddExceptionA" time="0.0" />
  <testcase classname="IntRelationArraysTest" name="testAddExceptionB" time="0.0" />
  <testcase classname="IntRelationArraysTest" name="testAreRelatedExceptionA" time="0.0" />
  <testcase classname="IntRelationArraysTest" name="testAreRelatedExceptionB" time="0.0" />
  <testcase classname="IntRelationArraysTest" name="testExtent" time="0.0" />
  <testcase classname="IntRelationArraysTest" name="testAddExceptionAB" time="0.0" />
  <testcase classname="IntRelationArraysTest" name="testRemove" time="0.0" />
  <testcase classname="IntRelationArraysTest" name="testConstructorException" time="0.0" />
  <testcase classname="IntRelationArraysTest" name="testAreRelatedExceptionAB" time="0.0" />
  <testcase classname="IntRelationArraysTest" name="testRemoveExceptionAB" time="0.0" />
  <testcase classname="IntRelationArraysTest" name="testConstructor" time="0.0" />
  <system-out><![CDATA[add
areRelated( 2, 1) exception
areRelated( 1, 5) exception
areRelated
areRelated( 2, 1) exception
areRelated( 1, 3) exception
areRelated( 2, 1) exception
areRelated( 1, 5) exception
extent
areRelated( 4, 5) exception
remove
constructor(-1) exception
areRelated( 5, 3) exception
areRelated( 4, 5) exception
constructor(int)
]]></system-out>
  <system-err><![CDATA[]]></system-err>
</testsuite>
